[2021-08-25 14:53:41,711][root][INFO] - 
Overwritten parameters in the config: 
mode=sampling
[2021-08-25 14:53:41,711][root][INFO] - 
-----------------------------------------
Let's start sampling for segmentation !!!
-----------------------------------------
[2021-08-25 14:53:41,735][root][INFO] - 
Image directory used './data'
[2021-08-25 14:53:41,737][root][INFO] - 
Image csv: './data/images_to_samples_ci_csv.csv'
[2021-08-25 14:53:41,739][root][INFO] - 
The HDF5 directory used './data'
[2021-08-25 14:53:49,381][root][INFO] - 
Overwritten parameters in the config: 
mode=train
[2021-08-25 14:53:49,381][root][INFO] - 
--------------------------------------
Let's start train for segmentation !!!
--------------------------------------
[2021-08-25 14:53:50,970][root][WARNING] - 
'log/model/gdl_config_template' already exist, the contents will be move to 'log/model/gdl_config_template_20210825-144618'
[2021-08-25 14:53:50,970][root][INFO] - 
Model and log files will be saved to: log/model/gdl_config_template
[2021-08-25 15:03:19,188][root][INFO] - 
Overwritten parameters in the config: 
mode=sampling
[2021-08-25 15:03:19,188][root][INFO] - 
-----------------------------------------
Let's start sampling for segmentation !!!
-----------------------------------------
[2021-08-25 15:03:19,217][root][INFO] - 
Image directory used './data'
[2021-08-25 15:03:19,219][root][INFO] - 
Image csv: './data/images_to_samples_ci_csv.csv'
[2021-08-25 15:03:19,220][root][INFO] - 
The HDF5 directory used './data'
[2021-08-25 15:03:19,221][root][CRITICAL] - Data path exists: data/samples256_overlap0_min-annot0_3bands_template_project. Remove it or use a different experiment_name.
[2021-08-25 15:03:30,866][root][INFO] - 
Overwritten parameters in the config: 
mode=sampling
[2021-08-25 15:03:30,867][root][INFO] - 
-----------------------------------------
Let's start sampling for segmentation !!!
-----------------------------------------
[2021-08-25 15:03:30,891][root][INFO] - 
Image directory used './data'
[2021-08-25 15:03:30,892][root][INFO] - 
Image csv: './data/images_to_samples_ci_csv.csv'
[2021-08-25 15:03:30,894][root][INFO] - 
The HDF5 directory used './data'
[2021-08-25 15:06:27,390][root][INFO] - 
Overwritten parameters in the config: 
mode=sampling
[2021-08-25 15:06:27,390][root][INFO] - 
-----------------------------------------
Let's start sampling for segmentation !!!
-----------------------------------------
[2021-08-25 15:06:27,419][root][INFO] - 
Image directory used './data'
[2021-08-25 15:06:27,421][root][INFO] - 
Image csv: './data/images_to_samples_ci_csv.csv'
[2021-08-25 15:06:27,423][root][INFO] - 
The HDF5 directory used './data'
[2021-08-25 15:07:51,163][root][INFO] - 
Overwritten parameters in the config: 
mode=sampling
[2021-08-25 15:07:51,163][root][INFO] - 
-----------------------------------------
Let's start sampling for segmentation !!!
-----------------------------------------
[2021-08-25 15:07:51,192][root][INFO] - 
Image directory used './data'
[2021-08-25 15:07:51,194][root][INFO] - 
Image csv: './data/images_to_samples_ci_csv.csv'
[2021-08-25 15:07:51,196][root][INFO] - 
The HDF5 directory used './data'
[2021-08-25 15:08:53,504][root][INFO] - 
Overwritten parameters in the config: 
mode=sampling
[2021-08-25 15:08:53,504][root][INFO] - 
-----------------------------------------
Let's start sampling for segmentation !!!
-----------------------------------------
[2021-08-25 15:08:53,531][root][INFO] - 
Image directory used './data'
[2021-08-25 15:08:53,533][root][INFO] - 
Image csv: './data/images_to_samples_ci_csv.csv'
[2021-08-25 15:08:53,534][root][INFO] - 
The HDF5 directory used './data'
[2021-08-25 15:08:53,535][root][CRITICAL] - Data path exists: data/samples256_overlap0_min-annot0_3bands_template_project. Remove it or use a different experiment_name.
[2021-08-25 15:09:05,106][root][INFO] - 
Overwritten parameters in the config: 
mode=sampling
[2021-08-25 15:09:05,106][root][INFO] - 
-----------------------------------------
Let's start sampling for segmentation !!!
-----------------------------------------
[2021-08-25 15:09:05,130][root][INFO] - 
Image directory used './data'
[2021-08-25 15:09:05,132][root][INFO] - 
Image csv: './data/images_to_samples_ci_csv.csv'
[2021-08-25 15:09:05,134][root][INFO] - 
The HDF5 directory used './data'
[2021-08-25 15:12:48,199][root][INFO] - 
Overwritten parameters in the config: 
mode=sampling
[2021-08-25 15:12:48,199][root][INFO] - 
-----------------------------------------
Let's start sampling for segmentation !!!
-----------------------------------------
[2021-08-25 15:12:48,228][root][INFO] - 
Image directory used './data'
[2021-08-25 15:12:48,230][root][INFO] - 
Image csv: './data/images_to_samples_ci_csv.csv'
[2021-08-25 15:12:48,231][root][INFO] - 
The HDF5 directory used './data'
[2021-08-25 15:14:09,152][root][INFO] - 
Overwritten parameters in the config: 
mode=sampling
[2021-08-25 15:14:09,153][root][INFO] - 
-----------------------------------------
Let's start sampling for segmentation !!!
-----------------------------------------
[2021-08-25 15:14:09,181][root][INFO] - 
Image directory used './data'
[2021-08-25 15:14:09,183][root][INFO] - 
Image csv: './data/images_to_samples_ci_csv.csv'
[2021-08-25 15:14:09,184][root][INFO] - 
The HDF5 directory used './data'
[2021-08-25 15:14:59,645][root][INFO] - 
Overwritten parameters in the config: 
mode=sampling
[2021-08-25 15:14:59,645][root][INFO] - 
-----------------------------------------
Let's start sampling for segmentation !!!
-----------------------------------------
[2021-08-25 15:14:59,671][root][INFO] - 
Image directory used './data'
[2021-08-25 15:14:59,673][root][INFO] - 
Image csv: './data/images_to_samples_ci_csv.csv'
[2021-08-25 15:14:59,674][root][INFO] - 
The HDF5 directory used './data'
[2021-08-25 15:22:21,018][root][INFO] - 
Overwritten parameters in the config: 
mode=sampling
[2021-08-25 15:22:21,018][root][INFO] - 
-----------------------------------------
Let's start sampling for segmentation !!!
-----------------------------------------
[2021-08-25 15:22:21,045][root][INFO] - 
Image directory used './data'
[2021-08-25 15:22:21,047][root][INFO] - 
Image csv: './data/images_to_samples_ci_csv.csv'
[2021-08-25 15:22:21,048][root][INFO] - 
The HDF5 directory used './data'
[2021-08-25 15:22:43,261][root][INFO] - 
Overwritten parameters in the config: 
mode=sampling
[2021-08-25 15:22:43,261][root][INFO] - 
-----------------------------------------
Let's start sampling for segmentation !!!
-----------------------------------------
[2021-08-25 15:22:43,289][root][INFO] - 
Image directory used './data'
[2021-08-25 15:22:43,290][root][INFO] - 
Image csv: './data/images_to_samples_ci_csv.csv'
[2021-08-25 15:22:43,292][root][INFO] - 
The HDF5 directory used './data'
[2021-08-25 15:24:57,355][root][INFO] - 
Overwritten parameters in the config: 
mode=sampling
[2021-08-25 15:24:57,355][root][INFO] - 
-----------------------------------------
Let's start sampling for segmentation !!!
-----------------------------------------
[2021-08-25 15:24:57,381][root][INFO] - 
Image directory used './data'
[2021-08-25 15:24:57,383][root][INFO] - 
Image csv: './data/images_to_samples_ci_csv.csv'
[2021-08-25 15:24:57,385][root][INFO] - 
The HDF5 directory used './data'
[2021-08-25 15:25:36,135][root][INFO] - 
Overwritten parameters in the config: 
mode=sampling
[2021-08-25 15:25:36,135][root][INFO] - 
-----------------------------------------
Let's start sampling for segmentation !!!
-----------------------------------------
[2021-08-25 15:25:36,161][root][INFO] - 
Image directory used './data'
[2021-08-25 15:25:36,163][root][INFO] - 
Image csv: './data/images_to_samples_ci_csv.csv'
[2021-08-25 15:25:36,165][root][INFO] - 
The HDF5 directory used './data'
[2021-08-25 15:26:53,305][root][INFO] - 
Overwritten parameters in the config: 
mode=sampling
[2021-08-25 15:26:53,305][root][INFO] - 
-----------------------------------------
Let's start sampling for segmentation !!!
-----------------------------------------
[2021-08-25 15:26:53,331][root][INFO] - 
Image directory used './data'
[2021-08-25 15:26:53,333][root][INFO] - 
Image csv: './data/images_to_samples_ci_csv.csv'
[2021-08-25 15:26:53,334][root][INFO] - 
The HDF5 directory used './data'
[2021-08-25 15:31:15,508][root][INFO] - 
Overwritten parameters in the config: 
mode=sampling
[2021-08-25 15:31:15,508][root][INFO] - 
-----------------------------------------
Let's start sampling for segmentation !!!
-----------------------------------------
[2021-08-25 15:31:15,542][root][INFO] - 
Image directory used './data'
[2021-08-25 15:31:15,544][root][INFO] - 
Image csv: './data/images_to_samples_ci_csv.csv'
[2021-08-25 15:31:15,545][root][INFO] - 
The HDF5 directory used './data'
[2021-08-25 15:31:15,546][root][CRITICAL] - Data path exists: data/samples256_overlap0_min-annot0_3bands_template_project. Remove it or use a different experiment_name.
[2021-08-25 15:31:22,474][root][INFO] - 
Overwritten parameters in the config: 
mode=sampling
[2021-08-25 15:31:22,474][root][INFO] - 
-----------------------------------------
Let's start sampling for segmentation !!!
-----------------------------------------
[2021-08-25 15:31:22,499][root][INFO] - 
Image directory used './data'
[2021-08-25 15:31:22,501][root][INFO] - 
Image csv: './data/images_to_samples_ci_csv.csv'
[2021-08-25 15:31:22,502][root][INFO] - 
The HDF5 directory used './data'
[2021-08-25 15:32:34,222][root][INFO] - 
Overwritten parameters in the config: 
mode=sampling
[2021-08-25 15:32:34,222][root][INFO] - 
-----------------------------------------
Let's start sampling for segmentation !!!
-----------------------------------------
[2021-08-25 15:32:34,248][root][INFO] - 
Image directory used './data'
[2021-08-25 15:32:34,250][root][INFO] - 
Image csv: './data/images_to_samples_ci_csv.csv'
[2021-08-25 15:32:34,252][root][INFO] - 
The HDF5 directory used './data'
[2021-08-25 15:33:54,606][root][INFO] - 
Overwritten parameters in the config: 
mode=sampling
[2021-08-25 15:33:54,606][root][INFO] - 
-----------------------------------------
Let's start sampling for segmentation !!!
-----------------------------------------
[2021-08-25 15:33:54,631][root][INFO] - 
Image directory used './data'
[2021-08-25 15:33:54,633][root][INFO] - 
Image csv: './data/images_to_samples_ci_csv.csv'
[2021-08-25 15:33:54,635][root][INFO] - 
The HDF5 directory used './data'
[2021-08-25 15:34:26,578][root][INFO] - 
Overwritten parameters in the config: 
mode=sampling
[2021-08-25 15:34:26,579][root][INFO] - 
-----------------------------------------
Let's start sampling for segmentation !!!
-----------------------------------------
[2021-08-25 15:34:26,606][root][INFO] - 
Image directory used './data'
[2021-08-25 15:34:26,608][root][INFO] - 
Image csv: './data/images_to_samples_ci_csv.csv'
[2021-08-25 15:34:26,609][root][INFO] - 
The HDF5 directory used './data'
[2021-08-25 15:37:56,870][root][INFO] - 
Overwritten parameters in the config: 
mode=sampling
[2021-08-25 15:37:56,870][root][INFO] - 
-----------------------------------------
Let's start sampling for segmentation !!!
-----------------------------------------
[2021-08-25 15:37:56,896][root][INFO] - 
Image directory used './data'
[2021-08-25 15:37:56,898][root][INFO] - 
Image csv: './data/images_to_samples_ci_csv.csv'
[2021-08-25 15:37:56,900][root][INFO] - 
The HDF5 directory used './data'
[2021-08-25 15:42:13,667][root][INFO] - 
Overwritten parameters in the config: 
mode=sampling
[2021-08-25 15:42:13,667][root][INFO] - 
-----------------------------------------
Let's start sampling for segmentation !!!
-----------------------------------------
[2021-08-25 15:42:13,696][root][INFO] - 
Image directory used './data'
[2021-08-25 15:42:13,698][root][INFO] - 
Image csv: './data/images_to_samples_ci_csv.csv'
[2021-08-25 15:42:13,699][root][INFO] - 
The HDF5 directory used './data'
[2021-08-25 15:48:18,173][root][INFO] - 
Overwritten parameters in the config: 
mode=sampling
[2021-08-25 15:48:18,173][root][INFO] - 
-----------------------------------------
Let's start sampling for segmentation !!!
-----------------------------------------
[2021-08-25 15:48:18,202][root][INFO] - 
Image directory used './data'
[2021-08-25 15:48:18,204][root][INFO] - 
Image csv: './data/images_to_samples_ci_csv.csv'
[2021-08-25 15:48:18,205][root][INFO] - 
The HDF5 directory used './data'
[2021-08-25 15:51:10,585][root][INFO] - 
Overwritten parameters in the config: 
mode=sampling
[2021-08-25 15:51:10,585][root][INFO] - 
-----------------------------------------
Let's start sampling for segmentation !!!
-----------------------------------------
[2021-08-25 15:51:10,609][root][INFO] - 
Image directory used './data'
[2021-08-25 15:51:10,611][root][INFO] - 
Image csv: './data/images_to_samples_ci_csv.csv'
[2021-08-25 15:51:10,613][root][INFO] - 
The HDF5 directory used './data'
[2021-08-25 15:53:12,461][root][INFO] - 
Overwritten parameters in the config: 
mode=sampling
[2021-08-25 15:53:12,461][root][INFO] - 
-----------------------------------------
Let's start sampling for segmentation !!!
-----------------------------------------
[2021-08-25 15:53:12,486][root][INFO] - 
Image directory used './data'
[2021-08-25 15:53:12,488][root][INFO] - 
Image csv: './data/images_to_samples_ci_csv.csv'
[2021-08-25 15:53:12,489][root][INFO] - 
The HDF5 directory used './data'
[2021-08-25 15:53:54,726][root][INFO] - 
Overwritten parameters in the config: 
mode=sampling
[2021-08-25 15:53:54,727][root][INFO] - 
-----------------------------------------
Let's start sampling for segmentation !!!
-----------------------------------------
[2021-08-25 15:53:54,753][root][INFO] - 
Image directory used './data'
[2021-08-25 15:53:54,755][root][INFO] - 
Image csv: './data/images_to_samples_ci_csv.csv'
[2021-08-25 15:53:54,756][root][INFO] - 
The HDF5 directory used './data'
[2021-08-25 15:54:21,419][root][INFO] - 
Overwritten parameters in the config: 
mode=sampling
[2021-08-25 15:54:21,419][root][INFO] - 
-----------------------------------------
Let's start sampling for segmentation !!!
-----------------------------------------
[2021-08-25 15:54:21,444][root][INFO] - 
Image directory used './data'
[2021-08-25 15:54:21,445][root][INFO] - 
Image csv: './data/images_to_samples_ci_csv.csv'
[2021-08-25 15:54:21,447][root][INFO] - 
The HDF5 directory used './data'
[2021-08-25 15:58:32,933][root][INFO] - 
Overwritten parameters in the config: 
mode=sampling
[2021-08-25 15:58:32,933][root][INFO] - 
-----------------------------------------
Let's start sampling for segmentation !!!
-----------------------------------------
[2021-08-25 15:58:32,959][root][INFO] - 
Image directory used './data'
[2021-08-25 15:58:32,961][root][INFO] - 
Image csv: './data/images_to_samples_ci_csv.csv'
[2021-08-25 15:58:32,962][root][INFO] - 
The HDF5 directory used './data'
[2021-08-25 15:59:39,738][root][INFO] - 
Overwritten parameters in the config: 
mode=sampling
[2021-08-25 15:59:39,738][root][INFO] - 
-----------------------------------------
Let's start sampling for segmentation !!!
-----------------------------------------
[2021-08-25 15:59:39,765][root][INFO] - 
Image directory used './data'
[2021-08-25 15:59:39,766][root][INFO] - 
Image csv: './data/images_to_samples_ci_csv.csv'
[2021-08-25 15:59:39,768][root][INFO] - 
The HDF5 directory used './data'
[2021-08-25 15:59:49,070][root][INFO] - 
Overwritten parameters in the config: 
mode=train
[2021-08-25 15:59:49,070][root][INFO] - 
--------------------------------------
Let's start train for segmentation !!!
--------------------------------------
[2021-08-25 15:59:50,963][root][WARNING] - 
'log/model/gdl_config_template' already exist, the contents will be move to 'log/model/gdl_config_template_20210825-145350'
[2021-08-25 15:59:50,963][root][INFO] - 
Model and log files will be saved to: log/model/gdl_config_template
[2021-08-25 16:06:57,454][root][INFO] - 
Overwritten parameters in the config: 
mode=train
[2021-08-25 16:06:57,454][root][INFO] - 
--------------------------------------
Let's start train for segmentation !!!
--------------------------------------
[2021-08-25 16:06:59,037][root][WARNING] - 
'log/model/gdl_config_template' already exist, the contents will be move to 'log/model/gdl_config_template_20210825-155950'
[2021-08-25 16:06:59,037][root][INFO] - 
Model and log files will be saved to: log/model/gdl_config_template
[2021-08-25 16:13:36,524][root][INFO] - 
Overwritten parameters in the config: 
mode=train
[2021-08-25 16:13:36,524][root][INFO] - 
--------------------------------------
Let's start train for segmentation !!!
--------------------------------------
[2021-08-25 16:13:38,095][root][WARNING] - 
'log/model/gdl_config_template' already exist, the contents will be move to 'log/model/gdl_config_template_20210825-160659'
[2021-08-25 16:13:38,095][root][INFO] - 
Model and log files will be saved to: log/model/gdl_config_template
[2021-08-25 16:15:13,979][root][INFO] - 
Overwritten parameters in the config: 
mode=train
[2021-08-25 16:15:13,979][root][INFO] - 
--------------------------------------
Let's start train for segmentation !!!
--------------------------------------
[2021-08-25 16:15:15,556][root][WARNING] - 
'log/model/gdl_config_template' already exist, the contents will be move to 'log/model/gdl_config_template_20210825-161338'
[2021-08-25 16:15:15,557][root][INFO] - 
Model and log files will be saved to: log/model/gdl_config_template
[2021-08-25 16:18:56,034][root][INFO] - 
Overwritten parameters in the config: 
mode=train
[2021-08-25 16:18:56,034][root][INFO] - 
--------------------------------------
Let's start train for segmentation !!!
--------------------------------------
[2021-08-25 16:18:57,605][root][WARNING] - 
'log/model/gdl_config_template' already exist, the contents will be move to 'log/model/gdl_config_template_20210825-161515'
[2021-08-25 16:18:57,605][root][INFO] - 
Model and log files will be saved to: log/model/gdl_config_template
[2021-08-25 16:19:32,051][root][INFO] - 
Overwritten parameters in the config: 
mode=train
[2021-08-25 16:19:32,051][root][INFO] - 
--------------------------------------
Let's start train for segmentation !!!
--------------------------------------
[2021-08-25 16:19:33,619][root][WARNING] - 
'log/model/gdl_config_template' already exist, the contents will be move to 'log/model/gdl_config_template_20210825-161857'
[2021-08-25 16:19:33,620][root][INFO] - 
Model and log files will be saved to: log/model/gdl_config_template
[2021-08-25 16:52:06,233][root][INFO] - 
Overwritten parameters in the config: 
mode=train
[2021-08-25 16:52:06,233][root][INFO] - 
--------------------------------------
Let's start train for segmentation !!!
--------------------------------------
[2021-08-25 16:52:07,837][root][WARNING] - 
'log/model/gdl_config_template' already exist, the contents will be move to 'log/model/gdl_config_template_20210825-161933'
[2021-08-25 16:52:07,837][root][INFO] - 
Model and log files will be saved to: log/model/gdl_config_template
[2021-08-30 15:09:59,601][root][INFO] - 
Overwritten parameters in the config: 
mode=train
[2021-08-30 15:09:59,602][root][INFO] - 
--------------------------------------
Let's start train for segmentation !!!
--------------------------------------
[2021-08-30 15:10:02,093][root][WARNING] - 
'log/model/gdl_config_template' already exist, the contents will be move to 'log/model/gdl_config_template_20210825-165207'
[2021-08-30 15:10:02,096][root][INFO] - 
Model and log files will be saved to: log/model/gdl_config_template
[2021-08-30 15:16:51,030][root][INFO] - 
Overwritten parameters in the config: 
mode=train
[2021-08-30 15:16:51,030][root][INFO] - 
--------------------------------------
Let's start train for segmentation !!!
--------------------------------------
[2021-08-30 15:16:53,534][root][WARNING] - 
'log/model/gdl_config_template' already exist, the contents will be move to 'log/model/gdl_config_template_20210830-151002'
[2021-08-30 15:16:53,534][root][INFO] - 
Model and log files will be saved to: log/model/gdl_config_template
[2021-08-30 15:20:11,795][root][INFO] - 
Overwritten parameters in the config: 
mode=train
[2021-08-30 15:20:11,795][root][INFO] - 
--------------------------------------
Let's start train for segmentation !!!
--------------------------------------
[2021-08-30 15:20:13,780][root][WARNING] - 
'log/model/gdl_config_template' already exist, the contents will be move to 'log/model/gdl_config_template_20210830-151653'
[2021-08-30 15:20:13,781][root][INFO] - 
Model and log files will be saved to: log/model/gdl_config_template
[2021-08-30 15:31:31,297][root][INFO] - 
Overwritten parameters in the config: 
mode=train
[2021-08-30 15:31:31,297][root][INFO] - 
--------------------------------------
Let's start train for segmentation !!!
--------------------------------------
[2021-08-30 15:31:32,927][root][WARNING] - 
'log/model/gdl_config_template' already exist, the contents will be move to 'log/model/gdl_config_template_20210830-152013'
[2021-08-30 15:31:32,927][root][INFO] - 
Model and log files will be saved to: log/model/gdl_config_template
[2021-08-30 15:33:44,114][root][INFO] - 
Overwritten parameters in the config: 
mode=train
[2021-08-30 15:33:44,114][root][INFO] - 
--------------------------------------
Let's start train for segmentation !!!
--------------------------------------
[2021-08-30 15:33:45,702][root][WARNING] - 
'log/model/gdl_config_template' already exist, the contents will be move to 'log/model/gdl_config_template_20210830-153132'
[2021-08-30 15:33:45,702][root][INFO] - 
Model and log files will be saved to: log/model/gdl_config_template
[2021-08-30 15:42:53,423][root][INFO] - 
Overwritten parameters in the config: 
mode=train
[2021-08-30 15:42:53,423][root][INFO] - 
--------------------------------------
Let's start train for segmentation !!!
--------------------------------------
[2021-08-30 15:42:55,060][root][WARNING] - 
'log/model/gdl_config_template' already exist, the contents will be move to 'log/model/gdl_config_template_20210830-153345'
[2021-08-30 15:42:55,061][root][INFO] - 
Model and log files will be saved to: log/model/gdl_config_template
[2021-08-30 15:44:24,611][root][INFO] - 
Overwritten parameters in the config: 
mode=train
[2021-08-30 15:44:24,611][root][INFO] - 
--------------------------------------
Let's start train for segmentation !!!
--------------------------------------
[2021-08-30 15:44:26,263][root][WARNING] - 
'log/model/gdl_config_template' already exist, the contents will be move to 'log/model/gdl_config_template_20210830-154255'
[2021-08-30 15:44:26,263][root][INFO] - 
Model and log files will be saved to: log/model/gdl_config_template
[2021-08-30 15:54:28,491][root][INFO] - 
Overwritten parameters in the config: 
mode=train
[2021-08-30 15:54:28,491][root][INFO] - 
--------------------------------------
Let's start train for segmentation !!!
--------------------------------------
[2021-08-30 15:54:30,091][root][WARNING] - 
'log/model/gdl_config_template' already exist, the contents will be move to 'log/model/gdl_config_template_20210830-154426'
[2021-08-30 15:54:30,091][root][INFO] - 
Model and log files will be saved to: log/model/gdl_config_template
[2021-08-30 15:56:43,923][root][INFO] - 
Overwritten parameters in the config: 
mode=train
[2021-08-30 15:56:43,923][root][INFO] - 
--------------------------------------
Let's start train for segmentation !!!
--------------------------------------
[2021-08-30 15:56:45,511][root][WARNING] - 
'log/model/gdl_config_template' already exist, the contents will be move to 'log/model/gdl_config_template_20210830-155430'
[2021-08-30 15:56:45,512][root][INFO] - 
Model and log files will be saved to: log/model/gdl_config_template
[2021-08-30 16:16:54,611][root][INFO] - 
Overwritten parameters in the config: 
mode=train
[2021-08-30 16:16:54,611][root][INFO] - 
--------------------------------------
Let's start train for segmentation !!!
--------------------------------------
[2021-08-30 16:16:56,241][root][WARNING] - 
'log/model/gdl_config_template' already exist, the contents will be move to 'log/model/gdl_config_template_20210830-155645'
[2021-08-30 16:16:56,242][root][INFO] - 
Model and log files will be saved to: log/model/gdl_config_template
[2021-08-30 16:17:10,516][root][INFO] - 
Overwritten parameters in the config: 
mode=train
[2021-08-30 16:17:10,516][root][INFO] - 
--------------------------------------
Let's start train for segmentation !!!
--------------------------------------
[2021-08-30 16:17:12,138][root][WARNING] - 
'log/model/gdl_config_template' already exist, the contents will be move to 'log/model/gdl_config_template_20210830-161656'
[2021-08-30 16:17:12,139][root][INFO] - 
Model and log files will be saved to: log/model/gdl_config_template
[2021-08-31 14:22:43,112][root][INFO] - 
Overwritten parameters in the config: 
mode=train
[2021-08-31 14:22:43,112][root][INFO] - 
--------------------------------------
Let's start train for segmentation !!!
--------------------------------------
[2021-08-31 14:22:45,657][root][WARNING] - 
'log/model/gdl_config_template' already exist, the contents will be move to 'log/model/gdl_config_template_20210830-161712'
[2021-08-31 14:22:45,657][root][INFO] - 
Model and log files will be saved to: log/model/gdl_config_template
[2021-08-31 14:24:14,422][root][INFO] - 
Overwritten parameters in the config: 
mode=train
[2021-08-31 14:24:14,422][root][INFO] - 
--------------------------------------
Let's start train for segmentation !!!
--------------------------------------
[2021-08-31 14:24:16,420][root][WARNING] - 
'log/model/gdl_config_template' already exist, the contents will be move to 'log/model/gdl_config_template_20210831-142246'
[2021-08-31 14:24:16,420][root][INFO] - 
Model and log files will be saved to: log/model/gdl_config_template
[2021-08-31 14:25:02,509][root][INFO] - 
Overwritten parameters in the config: 
mode=train
[2021-08-31 14:25:02,509][root][INFO] - 
--------------------------------------
Let's start train for segmentation !!!
--------------------------------------
[2021-08-31 14:25:04,105][root][WARNING] - 
'log/model/gdl_config_template' already exist, the contents will be move to 'log/model/gdl_config_template_20210831-142416'
[2021-08-31 14:25:04,106][root][INFO] - 
Model and log files will be saved to: log/model/gdl_config_template
[2021-08-31 14:26:28,732][root][INFO] - 
Overwritten parameters in the config: 
mode=train
[2021-08-31 14:26:28,733][root][INFO] - 
--------------------------------------
Let's start train for segmentation !!!
--------------------------------------
[2021-08-31 14:26:30,323][root][WARNING] - 
'log/model/gdl_config_template' already exist, the contents will be move to 'log/model/gdl_config_template_20210831-142504'
[2021-08-31 14:26:30,324][root][INFO] - 
Model and log files will be saved to: log/model/gdl_config_template
[2021-08-31 14:39:50,862][root][INFO] - 
Overwritten parameters in the config: 
mode=train
[2021-08-31 14:39:50,863][root][INFO] - 
--------------------------------------
Let's start train for segmentation !!!
--------------------------------------
[2021-08-31 14:39:52,798][root][WARNING] - 
'log/model/gdl_config_template' already exist, the contents will be move to 'log/model/gdl_config_template_20210831-142630'
[2021-08-31 14:39:52,799][root][INFO] - 
Model and log files will be saved to: log/model/gdl_config_template
[2021-08-31 14:51:30,429][root][INFO] - 
Overwritten parameters in the config: 
mode=train
[2021-08-31 14:51:30,429][root][INFO] - 
--------------------------------------
Let's start train for segmentation !!!
--------------------------------------
[2021-08-31 14:51:32,396][root][WARNING] - 
'log/model/gdl_config_template' already exist, the contents will be move to 'log/model/gdl_config_template_20210831-143953'
[2021-08-31 14:51:32,396][root][INFO] - 
Model and log files will be saved to: log/model/gdl_config_template
[2021-08-31 15:01:24,500][root][INFO] - 
Overwritten parameters in the config: 
mode=train
[2021-08-31 15:01:24,500][root][INFO] - 
--------------------------------------
Let's start train for segmentation !!!
--------------------------------------
[2021-08-31 15:01:26,844][root][WARNING] - 
'log/model/gdl_config_template' already exist, the contents will be move to 'log/model/gdl_config_template_20210831-145208'
[2021-08-31 15:01:26,844][root][INFO] - 
Model and log files will be saved to: log/model/gdl_config_template
[2021-08-31 15:07:39,013][root][INFO] - 
Overwritten parameters in the config: 
mode=train
[2021-08-31 15:07:39,014][root][INFO] - 
--------------------------------------
Let's start train for segmentation !!!
--------------------------------------
[2021-08-31 15:07:41,288][root][WARNING] - 
'log/model/gdl_config_template' already exist, the contents will be move to 'log/model/gdl_config_template_20210831-150204'
[2021-08-31 15:07:41,288][root][INFO] - 
Model and log files will be saved to: log/model/gdl_config_template
[2021-08-31 15:14:26,531][root][INFO] - 
Overwritten parameters in the config: 
mode=inference
[2021-08-31 15:14:26,531][root][INFO] - 
------------------------------------------
Let's start inference for segmentation !!!
------------------------------------------
[2021-08-31 16:07:15,976][root][INFO] - 
Overwritten parameters in the config: 
mode=inference
[2021-08-31 16:07:15,976][root][INFO] - 
------------------------------------------
Let's start inference for segmentation !!!
------------------------------------------
[2021-08-31 16:09:52,347][root][INFO] - 
Overwritten parameters in the config: 
mode=inference
[2021-08-31 16:09:52,347][root][INFO] - 
------------------------------------------
Let's start inference for segmentation !!!
------------------------------------------
[2021-08-31 17:09:54,881][root][INFO] - 
Overwritten parameters in the config: 
mode=inference
[2021-08-31 17:09:54,881][root][INFO] - 
------------------------------------------
Let's start inference for segmentation !!!
------------------------------------------
[2021-09-01 10:09:26,876][root][INFO] - 
Overwritten parameters in the config: 
mode=inference
[2021-09-01 10:09:26,876][root][INFO] - 
------------------------------------------
Let's start inference for segmentation !!!
------------------------------------------
[2021-09-01 10:11:24,120][root][INFO] - 
Overwritten parameters in the config: 
mode=inference
[2021-09-01 10:11:24,120][root][INFO] - 
------------------------------------------
Let's start inference for segmentation !!!
------------------------------------------
[2021-09-01 10:12:07,381][root][INFO] - 
Overwritten parameters in the config: 
mode=inference
[2021-09-01 10:12:07,381][root][INFO] - 
------------------------------------------
Let's start inference for segmentation !!!
------------------------------------------
[2021-09-01 10:12:08,533][root][CRITICAL] - 
Couldn't locate state_dict of model "./weights_saved" to be used for inference
[2021-09-01 15:42:05,268][root][INFO] - 
Overwritten parameters in the config: 
mode=inference
[2021-09-01 15:42:05,268][root][INFO] - 
------------------------------------------
Let's start inference for segmentation !!!
------------------------------------------
[2021-09-01 15:42:06,437][root][CRITICAL] - 
Couldn't locate state_dict of model "./weights_saved" to be used for inference
[2021-09-01 15:43:47,790][root][INFO] - 
Overwritten parameters in the config: 
mode=inference
[2021-09-01 15:43:47,790][root][INFO] - 
------------------------------------------
Let's start inference for segmentation !!!
------------------------------------------
[2021-09-01 15:43:48,946][root][CRITICAL] - 
Couldn't locate state_dict of model "./weights_saved" to be used for inference
[2021-09-01 15:45:24,347][root][INFO] - 
Overwritten parameters in the config: 
mode=inference
[2021-09-01 15:45:24,347][root][INFO] - 
------------------------------------------
Let's start inference for segmentation !!!
------------------------------------------
[2021-09-01 15:45:25,519][root][WARNING] - 
Couldn't locate state_dict of model "./weights_saved" to be used for inference
[2021-09-01 15:46:15,351][root][INFO] - 
Overwritten parameters in the config: 
mode=inference
[2021-09-01 15:46:15,351][root][INFO] - 
------------------------------------------
Let's start inference for segmentation !!!
------------------------------------------
[2021-09-01 15:46:16,518][root][WARNING] - 
Couldn't locate state_dict of model "./weights_saved" to be used for inference
[2021-09-01 15:47:45,392][root][INFO] - 
Overwritten parameters in the config: 
mode=inference
[2021-09-01 15:47:45,392][root][INFO] - 
------------------------------------------
Let's start inference for segmentation !!!
------------------------------------------
[2021-09-01 15:47:46,542][root][WARNING] - 
Couldn't locate state_dict of model "./weights_saved" to be used for inference
[2021-09-01 15:48:25,928][root][INFO] - 
Overwritten parameters in the config: 
mode=inference
[2021-09-01 15:48:25,928][root][INFO] - 
------------------------------------------
Let's start inference for segmentation !!!
------------------------------------------
[2021-09-01 15:48:27,096][root][WARNING] - 
Couldn't locate state_dict of model "./weights_saved" to be used for inference
[2021-09-01 15:51:03,591][root][INFO] - 
Overwritten parameters in the config: 
mode=inference
[2021-09-01 15:51:03,591][root][INFO] - 
------------------------------------------
Let's start inference for segmentation !!!
------------------------------------------
[2021-09-01 15:51:04,766][root][WARNING] - 
Couldn't locate state_dict of model "./weights_saved" to be used for inference
[2021-09-01 16:10:18,016][root][INFO] - 
Overwritten parameters in the config: 
mode=inference
[2021-09-01 16:10:18,016][root][INFO] - 
------------------------------------------
Let's start inference for segmentation !!!
------------------------------------------
[2021-09-01 16:10:19,180][root][WARNING] - 
Couldn't locate state_dict of model "./weights_saved" to be used for inference
[2021-09-01 16:13:46,420][root][INFO] - 
Overwritten parameters in the config: 
mode=inference
[2021-09-01 16:13:46,420][root][INFO] - 
------------------------------------------
Let's start inference for segmentation !!!
------------------------------------------
[2021-09-01 16:13:47,613][root][WARNING] - 
Couldn't locate state_dict of model "./weights_saved" to be used for inference
The inference will use the last checkpoint save for the task: "log/model/gdl_config_template_20210831-150204/checkpoint.pth.tar"
[2021-09-01 16:14:40,177][root][INFO] - 
Overwritten parameters in the config: 
mode=inference
[2021-09-01 16:14:40,177][root][INFO] - 
------------------------------------------
Let's start inference for segmentation !!!
------------------------------------------
[2021-09-01 16:14:41,415][root][WARNING] - 
Couldn't locate state_dict of model "./weights_saved" to be used for inference
The inference will use the last checkpoint save for the task: "log/model/gdl_config_template_20210831-150204/checkpoint.pth.tar"
[2021-09-01 16:15:51,187][root][INFO] - 
Overwritten parameters in the config: 
mode=inference
[2021-09-01 16:15:51,188][root][INFO] - 
------------------------------------------
Let's start inference for segmentation !!!
------------------------------------------
[2021-09-01 16:15:52,379][root][WARNING] - 
Couldn't locate state_dict of model "./weights_saved" to be used for inference
The inference will use the last checkpoint save for the task:
"log/model/gdl_config_template_20210831-150204/checkpoint.pth.tar"
[2021-09-01 16:43:26,782][root][INFO] - 
Overwritten parameters in the config: 
mode=inference
[2021-09-01 16:43:26,782][root][INFO] - 
------------------------------------------
Let's start inference for segmentation !!!
------------------------------------------
[2021-09-01 16:43:27,964][root][WARNING] - 
Couldn't locate state_dict of model "./weights_saved" to be used for inference
The inference will use the last checkpoint save for the task:
"log/model/gdl_config_template_20210831-150204/checkpoint.pth.tar"
[2021-09-02 14:41:04,762][root][INFO] - 
Overwritten parameters in the config: 
mode=inference
[2021-09-02 14:41:04,762][root][INFO] - 
------------------------------------------
Let's start inference for segmentation !!!
------------------------------------------
[2021-09-02 14:41:06,498][root][WARNING] - 
Couldn't locate state_dict of model "./weights_saved" to be used for inference
The inference will use the last checkpoint save for the task:
"log/model/gdl_config_template_20210831-150204/checkpoint.pth.tar"
[2021-09-03 14:25:25,768][root][INFO] - 
Overwritten parameters in the config: 
mode=inference
[2021-09-03 14:25:25,769][root][INFO] - 
------------------------------------------
Let's start inference for segmentation !!!
------------------------------------------
[2021-09-03 14:25:27,716][root][WARNING] - 
Couldn't locate state_dict of model "./weights_saved" to be used for inference
The inference will use the last checkpoint save for the task:
"log/model/gdl_config_template_20210831-150204/checkpoint.pth.tar"
[2021-09-03 14:25:41,790][root][INFO] - 
Overwritten parameters in the config: 
mode=inference
[2021-09-03 14:25:41,790][root][INFO] - 
------------------------------------------
Let's start inference for segmentation !!!
------------------------------------------
[2021-09-03 14:25:43,019][root][WARNING] - 
Couldn't locate state_dict of model "./weights_saved" to be used for inference
The inference will use the last checkpoint save for the task:
"log/model/gdl_config_template_20210831-150204/checkpoint.pth.tar"
[2021-09-03 14:26:06,180][root][INFO] - 
Overwritten parameters in the config: 
mode=inference
[2021-09-03 14:26:06,180][root][INFO] - 
------------------------------------------
Let's start inference for segmentation !!!
------------------------------------------
[2021-09-03 14:26:07,391][root][WARNING] - 
Couldn't locate state_dict of model "./weights_saved" to be used for inference
The inference will use the last checkpoint save for the task:
"log/model/gdl_config_template_20210831-150204/checkpoint.pth.tar"
[2021-09-03 14:42:30,840][root][INFO] - 
Overwritten parameters in the config: 
mode=inference
[2021-09-03 14:42:30,840][root][INFO] - 
------------------------------------------
Let's start inference for segmentation !!!
------------------------------------------
[2021-09-03 14:42:32,058][root][WARNING] - 
Couldn't locate state_dict of model "./weights_saved" to be used for inference
The inference will use the last checkpoint save for the task:
"log/model/gdl_config_template_20210831-150204/checkpoint.pth.tar"
[2021-09-03 14:44:31,540][root][INFO] - 
Overwritten parameters in the config: 
mode=inference
[2021-09-03 14:44:31,540][root][INFO] - 
------------------------------------------
Let's start inference for segmentation !!!
------------------------------------------
[2021-09-03 14:44:32,755][root][WARNING] - 
Couldn't locate state_dict of model "./weights_saved" to be used for inference
The inference will use the last checkpoint save for the task:
"log/model/gdl_config_template_20210831-150204/checkpoint.pth.tar"
[2021-09-03 14:46:17,034][root][INFO] - 
Overwritten parameters in the config: 
mode=inference
[2021-09-03 14:46:17,035][root][INFO] - 
------------------------------------------
Let's start inference for segmentation !!!
------------------------------------------
[2021-09-03 14:46:18,257][root][WARNING] - 
Couldn't locate state_dict of model "./weights_saved" to be used for inference
The inference will use the last checkpoint save for the task:
"log/model/gdl_config_template_20210831-150204/checkpoint.pth.tar"
[2021-09-03 14:52:50,083][root][INFO] - 
Overwritten parameters in the config: 
mode=inference
[2021-09-03 14:52:50,083][root][INFO] - 
------------------------------------------
Let's start inference for segmentation !!!
------------------------------------------
[2021-09-03 14:52:51,307][root][WARNING] - 
Couldn't locate state_dict of model "./weights_saved" to be used for inference
The inference will use the last checkpoint save for the task:
"log/model/gdl_config_template_20210831-150204/checkpoint.pth.tar"
[2021-09-03 14:53:31,272][root][INFO] - task:
  name: segmentation
  path_task_function: inference_segmentation.main
model:
  name: unet
  pretrained: true
trainer:
  num_workers: 10
  batch_size: 1
  eval_batch_size: null
  num_gpus: 1
  max_used_ram: null
  max_used_perc: null
  distributed_backend: dp
  accumulate_grad_batches: 1
  num_sanity_val_steps: 1
  profiler: false
  max_epochs: 10
  min_epochs: 1
  gradient_clip_val: 0.5
  weights_summary: null
  precision: 16
training:
  num_trn_samples: null
  num_val_samples: null
  num_tst_samples: null
  lr: 0.0001
  loss_fn: CrossEntropy
  mode: min
  seed: 666
  debug: true
  batch_metrics: null
  target_size: null
  step_size: 4
  weight_decay: 0
  gamma: 0.9
  dropout: false
  dropout_prob: null
optimizer:
  class_name: torch.optim.AdamW
  params:
    lr: 0.0001
    weight_decay: 0.001
callbacks:
  early_stopping:
    class_name: pl.callbacks.EarlyStopping
    params:
      monitor: CrossEntropy
      patience: 20
      mode: min
  model_checkpoint:
    class_name: pl.callbacks.ModelCheckpoint
    params:
      monitor: CrossEntropy
      save_top_k: 3
      dirpath: saved_models/
      mode: min
scheduler:
  class_name: torch.optim.lr_scheduler.ReduceLROnPlateau
  step: epoch
  monitor: CrossEntropy
  params:
    mode: min
    factor: 0.5
    patience: 15
data:
  num_workers: 10
  batch_size: 1
dataset:
  name: null
  modalities: RGB
  input_dim: 256
  overlap: null
  min_annot_perc: null
  raw_data_csv: ./data/images_to_samples_ci_csv.csv
  raw_data_dir: ./data
  sample_data_dir: ./data
  class_name: src.utils.dataset.BaseDataSetObjectDetection
  classes_dict:
    Building: 1
  class_weights: null
  train_val_percent:
    trn: 0.7
    val: 0.2
    tst: 0.1
  ignore_index: null
  use_stratification: false
augmentation:
  normalization:
    mean: null
    std: null
  scale_data:
  - 0
  - 1
  rotate_limit: 45
  rotate_prob: 0.5
  hflip_prob: 0.5
  random_radiom_trim_range:
  - 0.1
  - 2.0
  brightness_contrast_range: null
  noise: null
logging:
  name: mlflow
  experiment_name: template_project
  uri: null
  log: true
visualization:
  vis_at_train: null
  vis_at_evaluation: null
  vis_batch_range: null
  vis_at_checkpoint: null
  vis_at_ckpt_min_ep_diff: null
  vis_at_ckpt_dataset: null
inference:
  img_dir_or_csv_file: null
  state_dict_path: ./weights_saved
  chunk_size: 256
  smooth_prediction: true
  overlap: 2
general:
  config_name: gdl_config_template
  config_override_dirname: mode=inference
  config_path:
  - path: hydra.conf
    schema: pkg
    provider: hydra
  - path: /home/charles/Job/geo-deep-learning/config
    schema: file
    provider: main
  - path: ''
    schema: structured
    provider: schema
  project_name: template_project
  workspace: your_name
  device: cuda
  max_epochs: 10
  min_epochs: 1
  save_dir: ./log
  raw_data_dir: ./data
  raw_data_csv: ./data/images_to_samples_ci_csv.csv
  sample_data_dir: ./data
  state_dict_path: null
  save_weights_dir: ./weights_saved
AWS:
  bucket_name: null
mode: inference
debug: true

[2021-09-03 14:53:31,273][root][INFO] - 
Overwritten parameters in the config: 
mode=inference
[2021-09-03 14:53:31,273][root][INFO] - 
------------------------------------------
Let's start inference for segmentation !!!
------------------------------------------
[2021-09-03 14:53:32,494][root][WARNING] - 
Couldn't locate state_dict of model "./weights_saved" to be used for inference
The inference will use the last checkpoint save for the task:
"log/model/gdl_config_template_20210831-150204/checkpoint.pth.tar"
[2021-09-03 15:28:45,752][root][INFO] - 
Overwritten parameters in the config: 
mode=inference
[2021-09-03 15:28:45,752][root][INFO] - 
------------------------------------------
Let's start inference for segmentation !!!
------------------------------------------
[2021-09-03 15:28:46,976][root][INFO] - 
No logging folder set for mlflow. Logging will be limited to console
[2021-09-03 15:28:46,978][root][WARNING] - 
Couldn't locate state_dict of model "./weights_saved" to be used for inference
The inference will use the last checkpoint save for the task:
"log/model/gdl_config_template_20210831-150204/checkpoint.pth.tar"
[2021-09-03 15:28:46,979][root][INFO] - Inferences will be saved to: inference_3bands


[2021-09-03 15:28:46,980][root][ERROR] - 
Requested 1 GPUs, but no CUDA devices found. This training will run on CPU
[2021-09-03 15:28:46,980][root][WARNING] - No Cuda device available. This process will only run on CPU
[2021-09-03 15:28:47,134][root][INFO] - => loading model 'log/model/gdl_config_template_20210831-150204/checkpoint.pth.tar'

[2021-09-03 15:28:48,084][fiona.ogrext][INFO] - Failed to auto identify EPSG: 7
[2021-09-03 15:28:48,116][root][INFO] - Successfully validated imagery
[2021-09-03 15:28:48,116][root][INFO] - Successfully validated label data for benchmarking
[2021-09-03 15:28:48,139][root][INFO] - => loaded model

[2021-09-03 15:28:48,148][root][INFO] - Reading image as array: data/22978945_15.tif
[2021-09-03 15:28:48,225][root][INFO] - Burning label as raster: data/massachusetts_buildings.gpkg
[2021-09-03 15:30:31,601][root][INFO] - 
Overwritten parameters in the config: 
mode=inference
[2021-09-03 15:30:31,601][root][INFO] - 
------------------------------------------
Let's start inference for segmentation !!!
------------------------------------------
[2021-09-03 15:30:32,817][root][INFO] - 
No logging folder set for mlflow. Logging will be limited to console
[2021-09-03 15:30:32,819][root][WARNING] - 
Couldn't locate state_dict of model "./weights_saved" to be used for inference
The inference will use the last checkpoint save for the task:
"log/model/gdl_config_template_20210831-150204/checkpoint.pth.tar"
[2021-09-03 15:30:32,821][root][INFO] - Inferences will be saved to: inference_3bands


[2021-09-03 15:30:32,821][root][ERROR] - 
Requested 1 GPUs, but no CUDA devices found. This training will run on CPU
[2021-09-03 15:30:32,821][root][WARNING] - No Cuda device available. This process will only run on CPU
[2021-09-03 15:30:32,975][root][INFO] - => loading model 'log/model/gdl_config_template_20210831-150204/checkpoint.pth.tar'

[2021-09-03 15:30:33,149][fiona.ogrext][INFO] - Failed to auto identify EPSG: 7
[2021-09-03 15:30:33,167][root][INFO] - Successfully validated imagery
[2021-09-03 15:30:33,167][root][INFO] - Successfully validated label data for benchmarking
[2021-09-03 15:30:33,187][root][INFO] - => loaded model

[2021-09-03 15:30:33,197][root][INFO] - Reading image as array: data/22978945_15.tif
[2021-09-03 15:30:33,259][root][INFO] - Burning label as raster: data/massachusetts_buildings.gpkg
[2021-09-03 15:31:26,670][root][INFO] - 
Overwritten parameters in the config: 
mode=inference
[2021-09-03 15:31:26,671][root][INFO] - 
------------------------------------------
Let's start inference for segmentation !!!
------------------------------------------
[2021-09-03 15:31:27,885][root][INFO] - 
No logging folder set for mlflow. Logging will be limited to console
[2021-09-03 15:31:27,888][root][WARNING] - 
Couldn't locate state_dict of model "./weights_saved" to be used for inference
The inference will use the last checkpoint save for the task:
"log/model/gdl_config_template_20210831-150204/checkpoint.pth.tar"
[2021-09-03 15:31:27,889][root][INFO] - Inferences will be saved to: inference_3bands


[2021-09-03 15:31:27,889][root][ERROR] - 
Requested 1 GPUs, but no CUDA devices found. This training will run on CPU
[2021-09-03 15:31:27,889][root][WARNING] - No Cuda device available. This process will only run on CPU
[2021-09-03 15:31:28,044][root][INFO] - => loading model 'log/model/gdl_config_template_20210831-150204/checkpoint.pth.tar'

[2021-09-03 15:31:28,208][fiona.ogrext][INFO] - Failed to auto identify EPSG: 7
[2021-09-03 15:31:28,225][root][INFO] - Successfully validated imagery
[2021-09-03 15:31:28,225][root][INFO] - Successfully validated label data for benchmarking
[2021-09-03 15:31:28,250][root][INFO] - => loaded model

[2021-09-03 15:31:28,259][root][INFO] - Reading image as array: data/22978945_15.tif
[2021-09-03 15:31:28,320][root][INFO] - Burning label as raster: data/massachusetts_buildings.gpkg
[2021-09-03 15:36:48,713][root][INFO] - 
Overwritten parameters in the config: 
mode=inference
[2021-09-03 15:36:48,713][root][INFO] - 
------------------------------------------
Let's start inference for segmentation !!!
------------------------------------------
[2021-09-03 15:36:49,927][root][INFO] - 
No logging folder set for mlflow. Logging will be limited to console
[2021-09-03 15:36:49,930][root][WARNING] - 
Couldn't locate state_dict of model "./weights_saved" to be used for inference
The inference will use the last checkpoint save for the task:
"log/model/gdl_config_template_20210831-150204/checkpoint.pth.tar"
[2021-09-03 15:36:49,931][root][INFO] - Inferences will be saved to: inference_3bands


[2021-09-03 15:36:49,931][root][ERROR] - 
Requested 1 GPUs, but no CUDA devices found. This training will run on CPU
[2021-09-03 15:36:49,931][root][WARNING] - No Cuda device available. This process will only run on CPU
[2021-09-03 15:36:50,087][root][INFO] - => loading model 'log/model/gdl_config_template_20210831-150204/checkpoint.pth.tar'

[2021-09-03 15:36:50,252][fiona.ogrext][INFO] - Failed to auto identify EPSG: 7
[2021-09-03 15:36:50,270][root][INFO] - Successfully validated imagery
[2021-09-03 15:36:50,270][root][INFO] - Successfully validated label data for benchmarking
[2021-09-03 15:36:50,287][root][INFO] - => loaded model

[2021-09-03 15:36:50,298][root][INFO] - Reading image as array: data/22978945_15.tif
[2021-09-03 15:36:50,357][root][INFO] - Burning label as raster: data/massachusetts_buildings.gpkg
[2021-09-03 15:44:57,390][root][INFO] - 
Overwritten parameters in the config: 
mode=inference
[2021-09-03 15:44:57,390][root][INFO] - 
------------------------------------------
Let's start inference for segmentation !!!
------------------------------------------
[2021-09-03 15:44:58,602][root][INFO] - 
Inference and log files will be saved to: inference_3bands
[2021-09-03 15:46:05,254][root][INFO] - 
Overwritten parameters in the config: 
mode=inference
[2021-09-03 15:46:05,254][root][INFO] - 
------------------------------------------
Let's start inference for segmentation !!!
------------------------------------------
[2021-09-03 15:46:06,461][root][INFO] - 
Inference and log files will be saved to: inference_3bands
[2021-09-03 15:54:58,943][root][INFO] - 
Overwritten parameters in the config: 
mode=inference
[2021-09-03 15:54:58,943][root][INFO] - 
------------------------------------------
Let's start inference for segmentation !!!
------------------------------------------
[2021-09-03 15:55:00,157][root][INFO] - 
Inference and log files will be saved to: inference_3bands
[2021-09-03 16:14:07,508][root][INFO] - 
Overwritten parameters in the config: 
mode=inference
[2021-09-03 16:14:07,509][root][INFO] - 
------------------------------------------
Let's start inference for segmentation !!!
------------------------------------------
[2021-09-03 16:14:08,716][root][INFO] - 
Inference and log files will be saved to: inference_3bands
[2021-09-03 16:20:06,225][root][INFO] - 
Overwritten parameters in the config: 
mode=inference
[2021-09-03 16:20:06,225][root][INFO] - 
------------------------------------------
Let's start inference for segmentation !!!
------------------------------------------
[2021-09-03 16:20:07,440][root][INFO] - 
Inference and log files will be saved to: inference_3bands
[2021-09-03 16:59:11,354][root][INFO] - 
Overwritten parameters in the config: 
mode=inference
[2021-09-03 16:59:11,354][root][INFO] - 
------------------------------------------
Let's start inference for segmentation !!!
------------------------------------------
[2021-09-03 16:59:12,536][root][INFO] - 
Inference and log files will be saved to: inference_3bands
[2021-09-15 13:27:13,721][root][INFO] - 
Overwritten parameters in the config: 
mode=inference
[2021-09-15 13:27:13,723][root][INFO] - 
------------------------------------------
Let's start inference for segmentation !!!
------------------------------------------
[2021-09-15 13:27:15,408][root][INFO] - 
Inference and log files will be saved to: inference_3bands
[2021-09-15 15:51:39,903][root][INFO] - 
Overwritten parameters in the config: 
mode=inference
[2021-09-15 15:51:39,903][root][INFO] - 
------------------------------------------
Let's start inference for segmentation !!!
------------------------------------------
[2021-09-15 15:51:41,121][root][INFO] - 
Inference and log files will be saved to: inference_3bands
[2021-09-15 16:01:11,069][root][INFO] - 
Overwritten parameters in the config: 
mode=inference
[2021-09-15 16:01:11,069][root][INFO] - 
------------------------------------------
Let's start inference for segmentation !!!
------------------------------------------
[2021-09-15 16:01:12,292][root][INFO] - 
Inference and log files will be saved to: inference_3bands
[2021-10-05 15:32:52,933][root][INFO] - 
Overwritten parameters in the config: 
mode=train
[2021-10-05 15:32:52,933][root][INFO] - 
--------------------------------------
Let's start train for segmentation !!!
--------------------------------------
[2021-10-05 16:00:00,198][root][INFO] - 
Overwritten parameters in the config: 
mode=sampling
[2021-10-05 16:00:00,198][root][INFO] - 
-----------------------------------------
Let's start sampling for segmentation !!!
-----------------------------------------
[2021-10-05 16:00:00,226][root][INFO] - 
Image directory used './data'
[2021-10-05 16:00:00,228][root][INFO] - 
Image csv: './data/images_to_samples_ci_csv.csv'
[2021-10-05 16:00:00,230][root][INFO] - 
The HDF5 directory used './data'
[2021-10-05 16:00:30,577][root][INFO] - 
Overwritten parameters in the config: 
mode=sampling
[2021-10-05 16:00:30,577][root][INFO] - 
-----------------------------------------
Let's start sampling for segmentation !!!
-----------------------------------------
[2021-10-05 16:00:30,602][root][INFO] - 
Image directory used './data'
[2021-10-05 16:00:30,604][root][INFO] - 
Image csv: './data/images_to_samples_ci_csv.csv'
[2021-10-05 16:00:30,606][root][INFO] - 
The HDF5 directory used './data'
