2021-08-25 15:59:39,971 root 549 [INFO][main] 
Preparing samples 
	Samples_size: 256 
	Overlap: 0 
	Validation set: 20.0 % of created training samples
2021-08-25 15:59:39,971 root 567 [INFO][main] 
Reading as array: ./data/22978945_15.tif
2021-08-25 15:59:40,381 root 588 [INFO][main] 
Rasterizing vector file (attribute: properties/class): ./data/massachusetts_buildings.gpkg
2021-08-25 15:59:40,733 root 664 [INFO][main] 
Number of samples={'trn': 19, 'val': 1, 'tst': 0}
2021-08-25 15:59:40,734 root 567 [INFO][main] 
Reading as array: ./data/23429155_15.tif
2021-08-25 15:59:40,803 root 588 [INFO][main] 
Rasterizing vector file (attribute: properties/class): ./data/massachusetts_buildings.gpkg
2021-08-25 15:59:41,070 root 664 [INFO][main] 
Number of samples={'trn': 19, 'val': 1, 'tst': 15}
2021-08-25 15:59:41,071 root 683 [INFO][main] 
Pixels from class 1: 6.3 %
2021-08-25 15:59:41,071 root 683 [INFO][main] 
Pixels from class 0: 74.4 %
2021-08-25 15:59:41,071 root 683 [INFO][main] 
Pixels from class -1: 19.3 %
2021-08-25 15:59:41,071 root 685 [INFO][main] 
Number of samples created: 
2021-08-25 15:59:41,072 root 73 [INFO][run_gdl] 
-------------------
End of sampling !!!
Elapsed time: 1.33s
-------------------

